<?xml version="1.0" encoding="UTF-8"?>
<!-- Generated by org.testng.reporters.JUnitXMLReporter -->
<testsuite ignored="0" hostname="LAPTOP-4D8KDHMG" failures="0" tests="4" name="TestNG" time="32.049" errors="0" timestamp="2022-12-01T19:51:34 EST">
  <testcase classname="testLayerBank.LoginTestBank" name="Title" time="0.012"/>
  <testcase classname="testLayerBank.LoginTestBank" name="Login" time="5.722"/>
  <testcase classname="testLayerBank.LoginTestBank" name="Login" time="5.409"/>
  <testcase classname="testLayerBank.LoginTestBank" name="Login" time="5.771"/>
</testsuite> <!-- TestNG -->
